M: 2020-07-23 20:34:14.293 Opening YSF network connection
I: 2020-07-23 20:34:14.294 Opening UDP port on 4200
M: 2020-07-23 20:34:14.294 Opening YSF network connection
I: 2020-07-23 20:34:14.294 Opening UDP port on 42000
M: 2020-07-23 20:34:14.294 Resolving FCS00x addresses
M: 2020-07-23 20:34:14.675 Opening FCS network connection
I: 2020-07-23 20:34:14.675 Opening UDP port on 42001
I: 2020-07-23 20:34:14.675 The ID of this repeater is 55717
I: 2020-07-23 20:34:14.679 Loaded 230 FCS room descriptions
E: 2020-07-23 20:34:14.702 Cannot find address for host fusion2.m1axm.co.uk
I: 2020-07-23 20:34:14.704 Loaded 860 YSF reflectors
I: 2020-07-23 20:34:14.704 Loaded YSF parrot
I: 2020-07-23 20:34:14.704 Loaded YSF2DMR
I: 2020-07-23 20:34:14.704 Loaded YSF2NXDN
I: 2020-07-23 20:34:14.704 Loaded YSF2P25
M: 2020-07-23 20:34:14.713 Automatic (re-)connection to 32027 - "ES ADER         "
M: 2020-07-23 20:34:14.713 Starting YSFGateway-20190131
M: 2020-07-23 20:34:14.762 Linked to ES ADER         
M: 2020-07-23 20:35:04.873 Opening YSF network connection
I: 2020-07-23 20:35:04.873 Opening UDP port on 4200
M: 2020-07-23 20:35:04.873 Opening YSF network connection
I: 2020-07-23 20:35:04.873 Opening UDP port on 42000
M: 2020-07-23 20:35:04.873 Resolving FCS00x addresses
M: 2020-07-23 20:35:04.987 Opening FCS network connection
I: 2020-07-23 20:35:04.987 Opening UDP port on 42001
I: 2020-07-23 20:35:04.987 The ID of this repeater is 55717
I: 2020-07-23 20:35:04.987 Loaded 230 FCS room descriptions
E: 2020-07-23 20:35:05.020 Cannot find address for host fusion2.m1axm.co.uk
I: 2020-07-23 20:35:05.025 Loaded 860 YSF reflectors
I: 2020-07-23 20:35:05.025 Loaded YSF parrot
I: 2020-07-23 20:35:05.025 Loaded YSF2DMR
I: 2020-07-23 20:35:05.025 Loaded YSF2NXDN
I: 2020-07-23 20:35:05.025 Loaded YSF2P25
M: 2020-07-23 20:35:05.040 Automatic (re-)connection to 32027 - "ES ADER         "
M: 2020-07-23 20:35:05.040 Starting YSFGateway-20190131
M: 2020-07-23 20:35:05.081 Linked to ES ADER         
