M: 2020-07-13 14:04:10.338 Opening YSF network connection
I: 2020-07-13 14:04:10.338 Opening UDP port on 4200
M: 2020-07-13 14:04:10.338 Opening YSF network connection
I: 2020-07-13 14:04:10.338 Opening UDP port on 42000
M: 2020-07-13 14:04:10.338 Resolving FCS00x addresses
M: 2020-07-13 14:04:10.702 Opening FCS network connection
I: 2020-07-13 14:04:10.702 Opening UDP port on 42001
I: 2020-07-13 14:04:10.702 The ID of this repeater is 07088
I: 2020-07-13 14:04:10.711 Loaded 230 FCS room descriptions
E: 2020-07-13 14:04:10.753 Cannot find address for host fusion2.m1axm.co.uk
I: 2020-07-13 14:04:10.756 Loaded 860 YSF reflectors
I: 2020-07-13 14:04:10.756 Loaded YSF parrot
I: 2020-07-13 14:04:10.756 Loaded YSF2DMR
I: 2020-07-13 14:04:10.756 Loaded YSF2NXDN
I: 2020-07-13 14:04:10.756 Loaded YSF2P25
M: 2020-07-13 14:04:10.772 Automatic (re-)connection to 32027 - "ES ADER         "
M: 2020-07-13 14:04:10.772 Starting YSFGateway-20190131
M: 2020-07-13 14:04:10.813 Linked to ES ADER         
M: 2020-07-13 14:27:01.033 Opening YSF network connection
I: 2020-07-13 14:27:01.033 Opening UDP port on 4200
M: 2020-07-13 14:27:01.033 Opening YSF network connection
I: 2020-07-13 14:27:01.033 Opening UDP port on 42000
M: 2020-07-13 14:27:01.033 Resolving FCS00x addresses
M: 2020-07-13 14:27:01.390 Opening FCS network connection
I: 2020-07-13 14:27:01.390 Opening UDP port on 42001
I: 2020-07-13 14:27:01.390 The ID of this repeater is 92772
I: 2020-07-13 14:27:01.390 Loaded 230 FCS room descriptions
E: 2020-07-13 14:27:01.413 Cannot find address for host fusion2.m1axm.co.uk
I: 2020-07-13 14:27:01.415 Loaded 860 YSF reflectors
I: 2020-07-13 14:27:01.415 Loaded YSF parrot
I: 2020-07-13 14:27:01.415 Loaded YSF2DMR
I: 2020-07-13 14:27:01.415 Loaded YSF2NXDN
I: 2020-07-13 14:27:01.415 Loaded YSF2P25
M: 2020-07-13 14:27:01.422 Automatic (re-)connection to 00007 - "EUROPELINK      "
M: 2020-07-13 14:27:01.423 Starting YSFGateway-20190131
M: 2020-07-13 14:27:01.469 Linked to EUROPELINK      
M: 2020-07-13 14:27:54.543 Opening YSF network connection
I: 2020-07-13 14:27:54.543 Opening UDP port on 4200
M: 2020-07-13 14:27:54.543 Opening YSF network connection
I: 2020-07-13 14:27:54.543 Opening UDP port on 42000
M: 2020-07-13 14:27:54.543 Resolving FCS00x addresses
M: 2020-07-13 14:27:54.553 Opening FCS network connection
I: 2020-07-13 14:27:54.553 Opening UDP port on 42001
I: 2020-07-13 14:27:54.553 The ID of this repeater is 92772
I: 2020-07-13 14:27:54.554 Loaded 230 FCS room descriptions
E: 2020-07-13 14:27:54.559 Cannot find address for host fusion2.m1axm.co.uk
I: 2020-07-13 14:27:54.560 Loaded 860 YSF reflectors
I: 2020-07-13 14:27:54.561 Loaded YSF parrot
I: 2020-07-13 14:27:54.561 Loaded YSF2DMR
I: 2020-07-13 14:27:54.561 Loaded YSF2NXDN
I: 2020-07-13 14:27:54.561 Loaded YSF2P25
M: 2020-07-13 14:27:54.568 Automatic (re-)connection to 00007 - "EUROPELINK      "
M: 2020-07-13 14:27:54.568 Starting YSFGateway-20190131
M: 2020-07-13 14:27:54.614 Linked to EUROPELINK      
M: 2020-07-13 14:28:01.499 Link successful to MMDVM
M: 2020-07-13 14:29:13.664 Opening YSF network connection
I: 2020-07-13 14:29:13.664 Opening UDP port on 4200
M: 2020-07-13 14:29:13.664 Opening YSF network connection
I: 2020-07-13 14:29:13.664 Opening UDP port on 42000
M: 2020-07-13 14:29:13.664 Resolving FCS00x addresses
M: 2020-07-13 14:29:13.721 Opening FCS network connection
I: 2020-07-13 14:29:13.721 Opening UDP port on 42001
I: 2020-07-13 14:29:13.721 The ID of this repeater is 92772
I: 2020-07-13 14:29:13.721 Loaded 230 FCS room descriptions
E: 2020-07-13 14:29:13.727 Cannot find address for host fusion2.m1axm.co.uk
I: 2020-07-13 14:29:13.729 Loaded 860 YSF reflectors
I: 2020-07-13 14:29:13.729 Loaded YSF parrot
I: 2020-07-13 14:29:13.729 Loaded YSF2DMR
I: 2020-07-13 14:29:13.729 Loaded YSF2NXDN
I: 2020-07-13 14:29:13.729 Loaded YSF2P25
M: 2020-07-13 14:29:13.736 Automatic (re-)connection to 00007 - "EUROPELINK      "
M: 2020-07-13 14:29:13.737 Starting YSFGateway-20190131
M: 2020-07-13 14:29:13.779 Linked to EUROPELINK      
M: 2020-07-13 14:29:20.641 Link successful to MMDVM
M: 2020-07-13 14:36:07.966 Opening YSF network connection
I: 2020-07-13 14:36:07.967 Opening UDP port on 4200
M: 2020-07-13 14:36:07.967 Opening YSF network connection
I: 2020-07-13 14:36:07.967 Opening UDP port on 42000
M: 2020-07-13 14:36:07.967 Resolving FCS00x addresses
M: 2020-07-13 14:36:08.335 Opening FCS network connection
I: 2020-07-13 14:36:08.335 Opening UDP port on 42001
I: 2020-07-13 14:36:08.336 The ID of this repeater is 92772
I: 2020-07-13 14:36:08.336 Loaded 230 FCS room descriptions
E: 2020-07-13 14:36:08.358 Cannot find address for host fusion2.m1axm.co.uk
I: 2020-07-13 14:36:08.360 Loaded 860 YSF reflectors
I: 2020-07-13 14:36:08.360 Loaded YSF parrot
I: 2020-07-13 14:36:08.361 Loaded YSF2DMR
I: 2020-07-13 14:36:08.361 Loaded YSF2NXDN
I: 2020-07-13 14:36:08.361 Loaded YSF2P25
M: 2020-07-13 14:36:08.370 Automatic (re-)connection to 00007 - "EUROPELINK      "
M: 2020-07-13 14:36:08.371 Starting YSFGateway-20190131
M: 2020-07-13 14:36:08.415 Linked to EUROPELINK      
M: 2020-07-13 14:36:27.101 Link successful to MMDVM
D: 2020-07-13 14:36:27.427 FR Mode Data 2
D: 2020-07-13 14:36:27.427 0000:  00 5D 23 5F 24 33 32 30 32 37 00 20 20 20 20 03    *.]#_$32027.    .*
D: 2020-07-13 14:36:27.427 0010:  84 00 00 00                                        *....*
D: 2020-07-13 14:36:27.427 Received Wires-X command
D: 2020-07-13 14:36:27.427 0000:  00 5D 23 5F 24 33 32 30 32 37 00 20 20 20 20 03    *.]#_$32027.    .*
D: 2020-07-13 14:36:27.427 0010:  84 00 00 00                                        *....*
D: 2020-07-13 14:36:27.427 Received Connect to 32027 from     EA3EIZ
M: 2020-07-13 14:36:27.427 Connect to 32027 - "ES ADER         " has been requested by     EA3EIZ
M: 2020-07-13 14:36:27.468 Linked to ES ADER         
D: 2020-07-13 14:36:28.431 CONNECT Reply
D: 2020-07-13 14:36:28.431 0000:  00 5D 41 5F 26 39 32 37 37 32 45 41 33 45 49 5A    *.]A_&92772EA3EIZ*
D: 2020-07-13 14:36:28.431 0010:  2D 52 50 54 42 61 72 63 65 6C 6F 6E 61 2C 20 73    *-RPTBarcelona, s*
D: 2020-07-13 14:36:28.431 0020:  70 61 31 35 33 32 30 32 37 45 53 20 41 44 45 52    *pa1532027ES ADER*
D: 2020-07-13 14:36:28.431 0030:  20 20 20 20 20 20 20 20 20 30 30 32 20 20 20 20    *         002    *
D: 2020-07-13 14:36:28.431 0040:  20 20 20 20 20 20 41 53 53 4F 43 49 41 43 49 4F    *      ASSOCIACIO*
D: 2020-07-13 14:36:28.431 0050:  20 41 44 45 30 30 30 30 30 03 EE                   * ADE00000..*
M: 2020-07-13 14:49:30.874 Opening YSF network connection
I: 2020-07-13 14:49:30.875 Opening UDP port on 4200
M: 2020-07-13 14:49:30.875 Opening YSF network connection
I: 2020-07-13 14:49:30.877 Opening UDP port on 42000
M: 2020-07-13 14:49:30.877 Resolving FCS00x addresses
M: 2020-07-13 14:49:31.217 Opening FCS network connection
I: 2020-07-13 14:49:31.217 Opening UDP port on 42001
I: 2020-07-13 14:49:31.217 The ID of this repeater is 92772
I: 2020-07-13 14:49:31.217 Loaded 230 FCS room descriptions
E: 2020-07-13 14:49:31.238 Cannot find address for host fusion2.m1axm.co.uk
I: 2020-07-13 14:49:31.240 Loaded 860 YSF reflectors
I: 2020-07-13 14:49:31.240 Loaded YSF parrot
I: 2020-07-13 14:49:31.240 Loaded YSF2DMR
I: 2020-07-13 14:49:31.241 Loaded YSF2NXDN
I: 2020-07-13 14:49:31.241 Loaded YSF2P25
M: 2020-07-13 14:49:31.248 Automatic (re-)connection to 00007 - "EUROPELINK      "
M: 2020-07-13 14:49:31.248 Starting YSFGateway-20190131
M: 2020-07-13 14:49:31.294 Linked to EUROPELINK      
M: 2020-07-13 14:49:50.193 Link successful to MMDVM
D: 2020-07-13 14:50:28.439 FR Mode Data 2
D: 2020-07-13 14:50:28.439 0000:  00 5D 23 5F 24 33 32 30 32 37 00 20 20 20 20 03    *.]#_$32027.    .*
D: 2020-07-13 14:50:28.439 0010:  84 00 00 00                                        *....*
D: 2020-07-13 14:50:28.439 Received Wires-X command
D: 2020-07-13 14:50:28.439 0000:  00 5D 23 5F 24 33 32 30 32 37 00 20 20 20 20 03    *.]#_$32027.    .*
D: 2020-07-13 14:50:28.439 0010:  84 00 00 00                                        *....*
D: 2020-07-13 14:50:28.439 Received Connect to 32027 from     EA3EIZ
M: 2020-07-13 14:50:28.439 Connect to 32027 - "ES ADER         " has been requested by     EA3EIZ
M: 2020-07-13 14:50:28.480 Linked to ES ADER         
D: 2020-07-13 14:50:29.445 CONNECT Reply
D: 2020-07-13 14:50:29.445 0000:  00 5D 41 5F 26 39 32 37 37 32 45 41 33 45 49 5A    *.]A_&92772EA3EIZ*
D: 2020-07-13 14:50:29.445 0010:  2D 52 50 54 42 61 72 63 65 6C 6F 6E 61 2C 20 73    *-RPTBarcelona, s*
D: 2020-07-13 14:50:29.445 0020:  70 61 31 35 33 32 30 32 37 45 53 20 41 44 45 52    *pa1532027ES ADER*
D: 2020-07-13 14:50:29.445 0030:  20 20 20 20 20 20 20 20 20 30 30 32 20 20 20 20    *         002    *
D: 2020-07-13 14:50:29.445 0040:  20 20 20 20 20 20 41 53 53 4F 43 49 41 43 49 4F    *      ASSOCIACIO*
D: 2020-07-13 14:50:29.445 0050:  20 41 44 45 30 30 30 30 30 03 EE                   * ADE00000..*
E: 2020-07-13 15:49:32.823 Cannot find address for host fusion2.m1axm.co.uk
I: 2020-07-13 15:49:32.825 Loaded 860 YSF reflectors
I: 2020-07-13 15:49:32.825 Loaded YSF parrot
I: 2020-07-13 15:49:32.825 Loaded YSF2DMR
I: 2020-07-13 15:49:32.825 Loaded YSF2NXDN
I: 2020-07-13 15:49:32.825 Loaded YSF2P25
M: 2020-07-13 15:51:13.847 Opening YSF network connection
I: 2020-07-13 15:51:13.848 Opening UDP port on 4200
M: 2020-07-13 15:51:13.848 Opening YSF network connection
I: 2020-07-13 15:51:13.848 Opening UDP port on 42000
M: 2020-07-13 15:51:13.848 Resolving FCS00x addresses
M: 2020-07-13 15:51:14.198 Opening FCS network connection
I: 2020-07-13 15:51:14.198 Opening UDP port on 42001
I: 2020-07-13 15:51:14.198 The ID of this repeater is 92772
I: 2020-07-13 15:51:14.199 Loaded 230 FCS room descriptions
E: 2020-07-13 15:51:14.217 Cannot find address for host fusion2.m1axm.co.uk
I: 2020-07-13 15:51:14.220 Loaded 860 YSF reflectors
I: 2020-07-13 15:51:14.220 Loaded YSF parrot
I: 2020-07-13 15:51:14.220 Loaded YSF2DMR
I: 2020-07-13 15:51:14.220 Loaded YSF2NXDN
I: 2020-07-13 15:51:14.220 Loaded YSF2P25
M: 2020-07-13 15:51:14.230 Automatic (re-)connection to 00007 - "EUROPELINK      "
M: 2020-07-13 15:51:14.230 Starting YSFGateway-20190131
M: 2020-07-13 15:51:14.277 Linked to EUROPELINK      
M: 2020-07-13 15:51:32.668 Link successful to MMDVM
D: 2020-07-13 15:53:53.481 FR Mode Data 2
D: 2020-07-13 15:53:53.481 0000:  00 5D 23 5F 24 33 32 30 32 37 00 20 20 20 20 03    *.]#_$32027.    .*
D: 2020-07-13 15:53:53.481 0010:  84 00 00 00                                        *....*
D: 2020-07-13 15:53:53.482 Received Wires-X command
D: 2020-07-13 15:53:53.482 0000:  00 5D 23 5F 24 33 32 30 32 37 00 20 20 20 20 03    *.]#_$32027.    .*
D: 2020-07-13 15:53:53.482 0010:  84 00 00 00                                        *....*
D: 2020-07-13 15:53:53.482 Received Connect to 32027 from     EA3EIZ
M: 2020-07-13 15:53:53.482 Connect to 32027 - "ES ADER         " has been requested by     EA3EIZ
M: 2020-07-13 15:53:53.524 Linked to ES ADER         
D: 2020-07-13 15:53:54.483 CONNECT Reply
D: 2020-07-13 15:53:54.483 0000:  00 5D 41 5F 26 39 32 37 37 32 45 41 33 45 49 5A    *.]A_&92772EA3EIZ*
D: 2020-07-13 15:53:54.483 0010:  2D 52 50 54 42 61 72 63 65 6C 6F 6E 61 2C 20 73    *-RPTBarcelona, s*
D: 2020-07-13 15:53:54.483 0020:  70 61 31 35 33 32 30 32 37 45 53 20 41 44 45 52    *pa1532027ES ADER*
D: 2020-07-13 15:53:54.483 0030:  20 20 20 20 20 20 20 20 20 30 30 32 20 20 20 20    *         002    *
D: 2020-07-13 15:53:54.483 0040:  20 20 20 20 20 20 41 53 53 4F 43 49 41 43 49 4F    *      ASSOCIACIO*
D: 2020-07-13 15:53:54.483 0050:  20 41 44 45 30 30 30 30 30 03 EE                   * ADE00000..*
M: 2020-07-13 15:55:25.193 Opening YSF network connection
I: 2020-07-13 15:55:25.193 Opening UDP port on 4200
M: 2020-07-13 15:55:25.193 Opening YSF network connection
I: 2020-07-13 15:55:25.193 Opening UDP port on 42000
M: 2020-07-13 15:55:25.193 Resolving FCS00x addresses
M: 2020-07-13 15:55:25.303 Opening FCS network connection
I: 2020-07-13 15:55:25.304 Opening UDP port on 42001
I: 2020-07-13 15:55:25.304 The ID of this repeater is 92772
I: 2020-07-13 15:55:25.304 Loaded 230 FCS room descriptions
E: 2020-07-13 15:55:25.324 Cannot find address for host fusion2.m1axm.co.uk
I: 2020-07-13 15:55:25.326 Loaded 860 YSF reflectors
I: 2020-07-13 15:55:25.326 Loaded YSF parrot
I: 2020-07-13 15:55:25.326 Loaded YSF2DMR
I: 2020-07-13 15:55:25.326 Loaded YSF2NXDN
I: 2020-07-13 15:55:25.326 Loaded YSF2P25
M: 2020-07-13 15:55:25.335 Automatic (re-)connection to 00007 - "EUROPELINK      "
M: 2020-07-13 15:55:25.335 Starting YSFGateway-20190131
M: 2020-07-13 15:55:25.381 Linked to EUROPELINK      
M: 2020-07-13 15:55:44.228 Link successful to MMDVM
D: 2020-07-13 15:55:52.149 FR Mode Data 2
D: 2020-07-13 15:55:52.149 0000:  00 5D 23 5F 24 30 30 30 30 37 00 20 20 20 20 03    *.]#_$00007.    .*
D: 2020-07-13 15:55:52.149 0010:  7D 00 00 00                                        *}...*
D: 2020-07-13 15:55:52.149 Received Wires-X command
D: 2020-07-13 15:55:52.149 0000:  00 5D 23 5F 24 30 30 30 30 37 00 20 20 20 20 03    *.]#_$00007.    .*
D: 2020-07-13 15:55:52.149 0010:  7D 00 00 00                                        *}...*
D: 2020-07-13 15:55:52.149 Received Connect to 00007 from     EA3EIZ
M: 2020-07-13 15:55:52.149 Connect to 00007 - "EUROPELINK      " has been requested by     EA3EIZ
M: 2020-07-13 15:55:52.195 Linked to EUROPELINK      
D: 2020-07-13 15:55:53.153 CONNECT Reply
D: 2020-07-13 15:55:53.153 0000:  00 5D 41 5F 26 39 32 37 37 32 45 41 33 45 49 5A    *.]A_&92772EA3EIZ*
D: 2020-07-13 15:55:53.153 0010:  2D 52 50 54 42 61 72 63 65 6C 6F 6E 61 2C 20 73    *-RPTBarcelona, s*
D: 2020-07-13 15:55:53.153 0020:  70 61 31 35 30 30 30 30 37 45 55 52 4F 50 45 4C    *pa1500007EUROPEL*
D: 2020-07-13 15:55:53.153 0030:  49 4E 4B 20 20 20 20 20 20 30 31 37 20 20 20 20    *INK      017    *
D: 2020-07-13 15:55:53.153 0040:  20 20 20 20 20 20 45 55 52 4F 50 45 20 4C 49 4E    *      EUROPE LIN*
D: 2020-07-13 15:55:53.153 0050:  4B 20 20 20 30 30 30 30 30 03 6D                   *K   00000.m*
M: 2020-07-13 15:57:39.993 Opening YSF network connection
I: 2020-07-13 15:57:39.994 Opening UDP port on 4200
M: 2020-07-13 15:57:39.995 Opening YSF network connection
I: 2020-07-13 15:57:39.995 Opening UDP port on 42000
M: 2020-07-13 15:57:39.995 Resolving FCS00x addresses
M: 2020-07-13 15:57:40.333 Opening FCS network connection
I: 2020-07-13 15:57:40.333 Opening UDP port on 42001
I: 2020-07-13 15:57:40.333 The ID of this repeater is 92772
I: 2020-07-13 15:57:40.333 Loaded 230 FCS room descriptions
E: 2020-07-13 15:57:40.352 Cannot find address for host fusion2.m1axm.co.uk
I: 2020-07-13 15:57:40.354 Loaded 860 YSF reflectors
I: 2020-07-13 15:57:40.354 Loaded YSF parrot
I: 2020-07-13 15:57:40.354 Loaded YSF2DMR
I: 2020-07-13 15:57:40.354 Loaded YSF2NXDN
I: 2020-07-13 15:57:40.354 Loaded YSF2P25
M: 2020-07-13 15:57:40.364 Automatic (re-)connection to 00007 - "EUROPELINK      "
M: 2020-07-13 15:57:40.364 Starting YSFGateway-20190131
M: 2020-07-13 15:57:40.411 Linked to EUROPELINK      
M: 2020-07-13 15:57:58.843 Link successful to MMDVM
D: 2020-07-13 15:58:58.768 FR Mode Data 2
D: 2020-07-13 15:58:58.769 0000:  00 5D 23 5F 24 33 32 30 32 37 00 20 20 20 20 03    *.]#_$32027.    .*
D: 2020-07-13 15:58:58.769 0010:  84 00 00 00                                        *....*
D: 2020-07-13 15:58:58.769 Received Wires-X command
D: 2020-07-13 15:58:58.769 0000:  00 5D 23 5F 24 33 32 30 32 37 00 20 20 20 20 03    *.]#_$32027.    .*
D: 2020-07-13 15:58:58.769 0010:  84 00 00 00                                        *....*
D: 2020-07-13 15:58:58.769 Received Connect to 32027 from EA3EIZ    
M: 2020-07-13 15:58:58.769 Connect to 32027 - "ES ADER         " has been requested by EA3EIZ    
M: 2020-07-13 15:58:58.810 Linked to ES ADER         
D: 2020-07-13 15:58:59.771 CONNECT Reply
D: 2020-07-13 15:58:59.771 0000:  00 5D 41 5F 26 39 32 37 37 32 45 41 33 45 49 5A    *.]A_&92772EA3EIZ*
D: 2020-07-13 15:58:59.771 0010:  2D 52 50 54 42 61 72 63 65 6C 6F 6E 61 2C 20 73    *-RPTBarcelona, s*
D: 2020-07-13 15:58:59.771 0020:  70 61 31 35 33 32 30 32 37 45 53 20 41 44 45 52    *pa1532027ES ADER*
D: 2020-07-13 15:58:59.771 0030:  20 20 20 20 20 20 20 20 20 30 30 32 20 20 20 20    *         002    *
D: 2020-07-13 15:58:59.771 0040:  20 20 20 20 20 20 41 53 53 4F 43 49 41 43 49 4F    *      ASSOCIACIO*
D: 2020-07-13 15:58:59.771 0050:  20 41 44 45 30 30 30 30 30 03 EE                   * ADE00000..*
M: 2020-07-13 15:59:43.545 Opening YSF network connection
I: 2020-07-13 15:59:43.545 Opening UDP port on 4200
M: 2020-07-13 15:59:43.545 Opening YSF network connection
I: 2020-07-13 15:59:43.545 Opening UDP port on 42000
M: 2020-07-13 15:59:43.545 Resolving FCS00x addresses
M: 2020-07-13 15:59:43.657 Opening FCS network connection
I: 2020-07-13 15:59:43.657 Opening UDP port on 42001
I: 2020-07-13 15:59:43.657 The ID of this repeater is 92772
I: 2020-07-13 15:59:43.657 Loaded 230 FCS room descriptions
E: 2020-07-13 15:59:43.676 Cannot find address for host fusion2.m1axm.co.uk
I: 2020-07-13 15:59:43.678 Loaded 860 YSF reflectors
I: 2020-07-13 15:59:43.678 Loaded YSF parrot
I: 2020-07-13 15:59:43.678 Loaded YSF2DMR
I: 2020-07-13 15:59:43.678 Loaded YSF2NXDN
I: 2020-07-13 15:59:43.678 Loaded YSF2P25
M: 2020-07-13 15:59:43.686 Automatic (re-)connection to 00007 - "EUROPELINK      "
M: 2020-07-13 15:59:43.686 Starting YSFGateway-20190131
M: 2020-07-13 15:59:43.732 Linked to EUROPELINK      
M: 2020-07-13 16:00:02.412 Link successful to MMDVM
D: 2020-07-13 16:00:07.550 FR Mode Data 2
D: 2020-07-13 16:00:07.550 0000:  00 5D 23 5F 24 33 32 30 32 37 00 20 20 20 20 03    *.]#_$32027.    .*
D: 2020-07-13 16:00:07.550 0010:  84 00 00 00                                        *....*
D: 2020-07-13 16:00:07.550 Received Wires-X command
D: 2020-07-13 16:00:07.550 0000:  00 5D 23 5F 24 33 32 30 32 37 00 20 20 20 20 03    *.]#_$32027.    .*
D: 2020-07-13 16:00:07.550 0010:  84 00 00 00                                        *....*
D: 2020-07-13 16:00:07.550 Received Connect to 32027 from     EA3EIZ
M: 2020-07-13 16:00:07.550 Connect to 32027 - "ES ADER         " has been requested by     EA3EIZ
M: 2020-07-13 16:00:07.591 Linked to ES ADER         
D: 2020-07-13 16:00:08.554 CONNECT Reply
D: 2020-07-13 16:00:08.554 0000:  00 5D 41 5F 26 39 32 37 37 32 45 41 33 45 49 5A    *.]A_&92772EA3EIZ*
D: 2020-07-13 16:00:08.554 0010:  2D 52 50 54 42 61 72 63 65 6C 6F 6E 61 2C 20 73    *-RPTBarcelona, s*
D: 2020-07-13 16:00:08.554 0020:  70 61 31 35 33 32 30 32 37 45 53 20 41 44 45 52    *pa1532027ES ADER*
D: 2020-07-13 16:00:08.554 0030:  20 20 20 20 20 20 20 20 20 30 30 32 20 20 20 20    *         002    *
D: 2020-07-13 16:00:08.554 0040:  20 20 20 20 20 20 41 53 53 4F 43 49 41 43 49 4F    *      ASSOCIACIO*
D: 2020-07-13 16:00:08.554 0050:  20 41 44 45 30 30 30 30 30 03 EE                   * ADE00000..*
M: 2020-07-13 16:01:03.604 Opening YSF network connection
I: 2020-07-13 16:01:03.604 Opening UDP port on 4200
M: 2020-07-13 16:01:03.605 Opening YSF network connection
I: 2020-07-13 16:01:03.605 Opening UDP port on 42000
M: 2020-07-13 16:01:03.605 Resolving FCS00x addresses
M: 2020-07-13 16:01:03.720 Opening FCS network connection
I: 2020-07-13 16:01:03.720 Opening UDP port on 42001
I: 2020-07-13 16:01:03.720 The ID of this repeater is 92772
I: 2020-07-13 16:01:03.720 Loaded 230 FCS room descriptions
E: 2020-07-13 16:01:03.754 Cannot find address for host fusion2.m1axm.co.uk
I: 2020-07-13 16:01:03.757 Loaded 860 YSF reflectors
I: 2020-07-13 16:01:03.757 Loaded YSF parrot
I: 2020-07-13 16:01:03.757 Loaded YSF2DMR
I: 2020-07-13 16:01:03.758 Loaded YSF2NXDN
I: 2020-07-13 16:01:03.758 Loaded YSF2P25
M: 2020-07-13 16:01:03.767 Automatic (re-)connection to 00007 - "EUROPELINK      "
M: 2020-07-13 16:01:03.767 Starting YSFGateway-20190131
M: 2020-07-13 16:01:03.809 Linked to EUROPELINK      
M: 2020-07-13 16:01:22.414 Link successful to MMDVM
D: 2020-07-13 16:01:32.322 FR Mode Data 2
D: 2020-07-13 16:01:32.323 0000:  00 5D 23 5F 24 33 32 30 32 37 00 20 20 20 20 03    *.]#_$32027.    .*
D: 2020-07-13 16:01:32.323 0010:  84 00 00 00                                        *....*
D: 2020-07-13 16:01:32.323 Received Wires-X command
D: 2020-07-13 16:01:32.323 0000:  00 5D 23 5F 24 33 32 30 32 37 00 20 20 20 20 03    *.]#_$32027.    .*
D: 2020-07-13 16:01:32.323 0010:  84 00 00 00                                        *....*
D: 2020-07-13 16:01:32.323 Received Connect to 32027 from     EA3EIZ
M: 2020-07-13 16:01:32.323 Connect to 32027 - "ES ADER         " has been requested by     EA3EIZ
M: 2020-07-13 16:01:32.364 Linked to ES ADER         
D: 2020-07-13 16:01:33.326 CONNECT Reply
D: 2020-07-13 16:01:33.327 0000:  00 5D 41 5F 26 39 32 37 37 32 45 41 33 45 49 5A    *.]A_&92772EA3EIZ*
D: 2020-07-13 16:01:33.327 0010:  2D 52 50 54 42 61 72 63 65 6C 6F 6E 61 2C 20 73    *-RPTBarcelona, s*
D: 2020-07-13 16:01:33.327 0020:  70 61 31 35 33 32 30 32 37 45 53 20 41 44 45 52    *pa1532027ES ADER*
D: 2020-07-13 16:01:33.327 0030:  20 20 20 20 20 20 20 20 20 30 30 32 20 20 20 20    *         002    *
D: 2020-07-13 16:01:33.327 0040:  20 20 20 20 20 20 41 53 53 4F 43 49 41 43 49 4F    *      ASSOCIACIO*
D: 2020-07-13 16:01:33.327 0050:  20 41 44 45 30 30 30 30 30 03 EE                   * ADE00000..*
M: 2020-07-13 16:02:26.100 Opening YSF network connection
I: 2020-07-13 16:02:26.100 Opening UDP port on 4200
M: 2020-07-13 16:02:26.101 Opening YSF network connection
I: 2020-07-13 16:02:26.101 Opening UDP port on 42000
M: 2020-07-13 16:02:26.101 Resolving FCS00x addresses
M: 2020-07-13 16:02:26.126 Opening FCS network connection
I: 2020-07-13 16:02:26.126 Opening UDP port on 42001
I: 2020-07-13 16:02:26.126 The ID of this repeater is 92772
I: 2020-07-13 16:02:26.127 Loaded 230 FCS room descriptions
E: 2020-07-13 16:02:26.136 Cannot find address for host fusion2.m1axm.co.uk
I: 2020-07-13 16:02:26.139 Loaded 860 YSF reflectors
I: 2020-07-13 16:02:26.139 Loaded YSF parrot
I: 2020-07-13 16:02:26.139 Loaded YSF2DMR
I: 2020-07-13 16:02:26.139 Loaded YSF2NXDN
I: 2020-07-13 16:02:26.140 Loaded YSF2P25
M: 2020-07-13 16:02:26.148 Automatic (re-)connection to 00007 - "EUROPELINK      "
M: 2020-07-13 16:02:26.148 Starting YSFGateway-20190131
M: 2020-07-13 16:02:26.194 Linked to EUROPELINK      
M: 2020-07-13 16:02:44.978 Link successful to MMDVM
D: 2020-07-13 16:02:48.320 FR Mode Data 2
D: 2020-07-13 16:02:48.321 0000:  00 5D 23 5F 24 30 30 30 30 37 00 20 20 20 20 03    *.]#_$00007.    .*
D: 2020-07-13 16:02:48.321 0010:  7D 00 00 00                                        *}...*
D: 2020-07-13 16:02:48.321 Received Wires-X command
D: 2020-07-13 16:02:48.321 0000:  00 5D 23 5F 24 30 30 30 30 37 00 20 20 20 20 03    *.]#_$00007.    .*
D: 2020-07-13 16:02:48.321 0010:  7D 00 00 00                                        *}...*
D: 2020-07-13 16:02:48.321 Received Connect to 00007 from     EA3EIZ
M: 2020-07-13 16:02:48.321 Connect to 00007 - "EUROPELINK      " has been requested by     EA3EIZ
M: 2020-07-13 16:02:48.367 Linked to EUROPELINK      
D: 2020-07-13 16:02:49.323 CONNECT Reply
D: 2020-07-13 16:02:49.324 0000:  00 5D 41 5F 26 39 32 37 37 32 45 41 33 45 49 5A    *.]A_&92772EA3EIZ*
D: 2020-07-13 16:02:49.324 0010:  2D 52 50 54 42 61 72 63 65 6C 6F 6E 61 2C 20 73    *-RPTBarcelona, s*
D: 2020-07-13 16:02:49.324 0020:  70 61 31 35 30 30 30 30 37 45 55 52 4F 50 45 4C    *pa1500007EUROPEL*
D: 2020-07-13 16:02:49.324 0030:  49 4E 4B 20 20 20 20 20 20 30 31 37 20 20 20 20    *INK      017    *
D: 2020-07-13 16:02:49.324 0040:  20 20 20 20 20 20 45 55 52 4F 50 45 20 4C 49 4E    *      EUROPE LIN*
D: 2020-07-13 16:02:49.324 0050:  4B 20 20 20 30 30 30 30 30 03 6D                   *K   00000.m*
M: 2020-07-13 21:25:17.434 Opening YSF network connection
I: 2020-07-13 21:25:17.434 Opening UDP port on 4200
M: 2020-07-13 21:25:17.434 Opening YSF network connection
I: 2020-07-13 21:25:17.434 Opening UDP port on 42000
M: 2020-07-13 21:25:17.434 Resolving FCS00x addresses
M: 2020-07-13 21:25:17.773 Opening FCS network connection
I: 2020-07-13 21:25:17.773 Opening UDP port on 42001
I: 2020-07-13 21:25:17.773 The ID of this repeater is 55717
I: 2020-07-13 21:25:17.773 Loaded 230 FCS room descriptions
E: 2020-07-13 21:25:17.845 Cannot find address for host fusion2.m1axm.co.uk
I: 2020-07-13 21:25:17.847 Loaded 860 YSF reflectors
I: 2020-07-13 21:25:17.848 Loaded YSF parrot
I: 2020-07-13 21:25:17.848 Loaded YSF2DMR
I: 2020-07-13 21:25:17.848 Loaded YSF2NXDN
I: 2020-07-13 21:25:17.848 Loaded YSF2P25
M: 2020-07-13 21:25:17.855 Automatic (re-)connection to 32027 - "ES ADER         "
M: 2020-07-13 21:25:17.855 Starting YSFGateway-20190131
M: 2020-07-13 21:25:17.897 Linked to ES ADER         
M: 2020-07-13 21:29:57.138 Opening YSF network connection
I: 2020-07-13 21:29:57.138 Opening UDP port on 4200
M: 2020-07-13 21:29:57.138 Opening YSF network connection
I: 2020-07-13 21:29:57.138 Opening UDP port on 42000
M: 2020-07-13 21:29:57.138 Resolving FCS00x addresses
M: 2020-07-13 21:29:57.249 Opening FCS network connection
I: 2020-07-13 21:29:57.249 Opening UDP port on 42001
I: 2020-07-13 21:29:57.249 The ID of this repeater is 55717
I: 2020-07-13 21:29:57.249 Loaded 230 FCS room descriptions
E: 2020-07-13 21:29:57.268 Cannot find address for host fusion2.m1axm.co.uk
I: 2020-07-13 21:29:57.270 Loaded 860 YSF reflectors
I: 2020-07-13 21:29:57.270 Loaded YSF parrot
I: 2020-07-13 21:29:57.270 Loaded YSF2DMR
I: 2020-07-13 21:29:57.270 Loaded YSF2NXDN
I: 2020-07-13 21:29:57.270 Loaded YSF2P25
M: 2020-07-13 21:29:57.277 Automatic (re-)connection to 32027 - "ES ADER         "
M: 2020-07-13 21:29:57.278 Starting YSFGateway-20190131
M: 2020-07-13 21:29:57.318 Linked to ES ADER         
M: 2020-07-13 21:30:04.244 Link successful to MMDVM
M: 2020-07-13 21:30:43.646 Opening YSF network connection
I: 2020-07-13 21:30:43.646 Opening UDP port on 4200
M: 2020-07-13 21:30:43.646 Opening YSF network connection
I: 2020-07-13 21:30:43.647 Opening UDP port on 42000
M: 2020-07-13 21:30:43.647 Resolving FCS00x addresses
M: 2020-07-13 21:30:44.003 Opening FCS network connection
I: 2020-07-13 21:30:44.003 Opening UDP port on 42001
I: 2020-07-13 21:30:44.003 The ID of this repeater is 55717
I: 2020-07-13 21:30:44.003 Loaded 230 FCS room descriptions
E: 2020-07-13 21:30:44.037 Cannot find address for host fusion2.m1axm.co.uk
I: 2020-07-13 21:30:44.039 Loaded 860 YSF reflectors
I: 2020-07-13 21:30:44.039 Loaded YSF parrot
I: 2020-07-13 21:30:44.039 Loaded YSF2DMR
I: 2020-07-13 21:30:44.039 Loaded YSF2NXDN
I: 2020-07-13 21:30:44.039 Loaded YSF2P25
M: 2020-07-13 21:30:44.047 Automatic (re-)connection to 00007 - "EUROPELINK      "
M: 2020-07-13 21:30:44.047 Starting YSFGateway-20190131
M: 2020-07-13 21:30:44.093 Linked to EUROPELINK      
M: 2020-07-13 21:30:50.640 Link successful to MMDVM
