M: 2020-08-03 08:26:33.893 Opening YSF network connection
I: 2020-08-03 08:26:33.894 Opening UDP port on 4200
M: 2020-08-03 08:26:33.894 Opening YSF network connection
I: 2020-08-03 08:26:33.894 Opening UDP port on 42000
M: 2020-08-03 08:26:33.894 Resolving FCS00x addresses
M: 2020-08-03 08:26:34.011 Opening FCS network connection
I: 2020-08-03 08:26:34.012 Opening UDP port on 42001
I: 2020-08-03 08:26:34.012 The ID of this repeater is 55717
I: 2020-08-03 08:26:34.025 Loaded 230 FCS room descriptions
E: 2020-08-03 08:26:34.069 Cannot find address for host fusion2.m1axm.co.uk
I: 2020-08-03 08:26:34.071 Loaded 860 YSF reflectors
I: 2020-08-03 08:26:34.071 Loaded YSF parrot
I: 2020-08-03 08:26:34.071 Loaded YSF2DMR
I: 2020-08-03 08:26:34.071 Loaded YSF2NXDN
I: 2020-08-03 08:26:34.071 Loaded YSF2P25
M: 2020-08-03 08:26:34.078 Automatic (re-)connection to FCS00499
M: 2020-08-03 08:26:34.078 Starting YSFGateway-20190131
M: 2020-08-03 08:26:34.129 Linked to FCS004-99
E: 2020-08-03 09:26:36.200 Cannot find address for host fusion2.m1axm.co.uk
I: 2020-08-03 09:26:36.204 Loaded 860 YSF reflectors
I: 2020-08-03 09:26:36.204 Loaded YSF parrot
I: 2020-08-03 09:26:36.204 Loaded YSF2DMR
I: 2020-08-03 09:26:36.204 Loaded YSF2NXDN
I: 2020-08-03 09:26:36.204 Loaded YSF2P25
E: 2020-08-03 10:26:38.292 Cannot find address for host fusion2.m1axm.co.uk
I: 2020-08-03 10:26:38.295 Loaded 860 YSF reflectors
I: 2020-08-03 10:26:38.295 Loaded YSF parrot
I: 2020-08-03 10:26:38.296 Loaded YSF2DMR
I: 2020-08-03 10:26:38.296 Loaded YSF2NXDN
I: 2020-08-03 10:26:38.296 Loaded YSF2P25
E: 2020-08-03 11:26:40.316 Cannot find address for host fusion2.m1axm.co.uk
I: 2020-08-03 11:26:40.319 Loaded 860 YSF reflectors
I: 2020-08-03 11:26:40.319 Loaded YSF parrot
I: 2020-08-03 11:26:40.319 Loaded YSF2DMR
I: 2020-08-03 11:26:40.319 Loaded YSF2NXDN
I: 2020-08-03 11:26:40.319 Loaded YSF2P25
E: 2020-08-03 12:26:42.115 Cannot find address for host fusion2.m1axm.co.uk
I: 2020-08-03 12:26:42.116 Loaded 860 YSF reflectors
I: 2020-08-03 12:26:42.117 Loaded YSF parrot
I: 2020-08-03 12:26:42.117 Loaded YSF2DMR
I: 2020-08-03 12:26:42.117 Loaded YSF2NXDN
I: 2020-08-03 12:26:42.117 Loaded YSF2P25
