M: 2020-08-02 08:02:51.348 Opening YSF network connection
I: 2020-08-02 08:02:51.348 Opening UDP port on 4200
M: 2020-08-02 08:02:51.348 Opening YSF network connection
I: 2020-08-02 08:02:51.348 Opening UDP port on 42000
M: 2020-08-02 08:02:51.348 Resolving FCS00x addresses
M: 2020-08-02 08:02:51.762 Opening FCS network connection
I: 2020-08-02 08:02:51.900 Opening UDP port on 42001
I: 2020-08-02 08:02:51.900 The ID of this repeater is 55717
I: 2020-08-02 08:02:51.904 Loaded 230 FCS room descriptions
E: 2020-08-02 08:02:52.077 Cannot find address for host fusion2.m1axm.co.uk
I: 2020-08-02 08:02:52.089 Loaded 860 YSF reflectors
I: 2020-08-02 08:02:52.089 Loaded YSF parrot
I: 2020-08-02 08:02:52.089 Loaded YSF2DMR
I: 2020-08-02 08:02:52.089 Loaded YSF2NXDN
I: 2020-08-02 08:02:52.089 Loaded YSF2P25
M: 2020-08-02 08:02:52.111 Automatic (re-)connection to FCS00499
M: 2020-08-02 08:02:52.111 Starting YSFGateway-20190131
M: 2020-08-02 08:02:52.160 Linked to FCS004-99
E: 2020-08-02 09:02:54.352 Cannot find address for host fusion2.m1axm.co.uk
I: 2020-08-02 09:02:54.357 Loaded 860 YSF reflectors
I: 2020-08-02 09:02:54.357 Loaded YSF parrot
I: 2020-08-02 09:02:54.357 Loaded YSF2DMR
I: 2020-08-02 09:02:54.357 Loaded YSF2NXDN
I: 2020-08-02 09:02:54.357 Loaded YSF2P25
E: 2020-08-02 10:02:56.513 Cannot find address for host fusion2.m1axm.co.uk
I: 2020-08-02 10:02:56.516 Loaded 860 YSF reflectors
I: 2020-08-02 10:02:56.516 Loaded YSF parrot
I: 2020-08-02 10:02:56.516 Loaded YSF2DMR
I: 2020-08-02 10:02:56.516 Loaded YSF2NXDN
I: 2020-08-02 10:02:56.516 Loaded YSF2P25
E: 2020-08-02 11:02:58.675 Cannot find address for host fusion2.m1axm.co.uk
I: 2020-08-02 11:02:58.678 Loaded 860 YSF reflectors
I: 2020-08-02 11:02:58.678 Loaded YSF parrot
I: 2020-08-02 11:02:58.678 Loaded YSF2DMR
I: 2020-08-02 11:02:58.678 Loaded YSF2NXDN
I: 2020-08-02 11:02:58.678 Loaded YSF2P25
E: 2020-08-02 12:03:00.818 Cannot find address for host fusion2.m1axm.co.uk
I: 2020-08-02 12:03:00.821 Loaded 860 YSF reflectors
I: 2020-08-02 12:03:00.821 Loaded YSF parrot
I: 2020-08-02 12:03:00.821 Loaded YSF2DMR
I: 2020-08-02 12:03:00.821 Loaded YSF2NXDN
I: 2020-08-02 12:03:00.821 Loaded YSF2P25
E: 2020-08-02 13:03:02.918 Cannot find address for host fusion2.m1axm.co.uk
I: 2020-08-02 13:03:02.920 Loaded 860 YSF reflectors
I: 2020-08-02 13:03:02.920 Loaded YSF parrot
I: 2020-08-02 13:03:02.920 Loaded YSF2DMR
I: 2020-08-02 13:03:02.920 Loaded YSF2NXDN
I: 2020-08-02 13:03:02.920 Loaded YSF2P25
E: 2020-08-02 14:03:05.176 Cannot find address for host fusion2.m1axm.co.uk
I: 2020-08-02 14:03:05.179 Loaded 860 YSF reflectors
I: 2020-08-02 14:03:05.179 Loaded YSF parrot
I: 2020-08-02 14:03:05.179 Loaded YSF2DMR
I: 2020-08-02 14:03:05.179 Loaded YSF2NXDN
I: 2020-08-02 14:03:05.179 Loaded YSF2P25
E: 2020-08-02 15:03:07.377 Cannot find address for host fusion2.m1axm.co.uk
I: 2020-08-02 15:03:07.380 Loaded 860 YSF reflectors
I: 2020-08-02 15:03:07.380 Loaded YSF parrot
I: 2020-08-02 15:03:07.380 Loaded YSF2DMR
I: 2020-08-02 15:03:07.380 Loaded YSF2NXDN
I: 2020-08-02 15:03:07.380 Loaded YSF2P25
M: 2020-08-02 15:52:05.980 Opening YSF network connection
I: 2020-08-02 15:52:05.980 Opening UDP port on 4200
M: 2020-08-02 15:52:05.980 Opening YSF network connection
I: 2020-08-02 15:52:05.980 Opening UDP port on 42000
M: 2020-08-02 15:52:05.980 Resolving FCS00x addresses
M: 2020-08-02 15:52:06.344 Opening FCS network connection
I: 2020-08-02 15:52:06.344 Opening UDP port on 42001
I: 2020-08-02 15:52:06.344 The ID of this repeater is 55717
I: 2020-08-02 15:52:06.344 Loaded 230 FCS room descriptions
E: 2020-08-02 15:52:06.404 Cannot find address for host fusion2.m1axm.co.uk
I: 2020-08-02 15:52:06.406 Loaded 860 YSF reflectors
I: 2020-08-02 15:52:06.406 Loaded YSF parrot
I: 2020-08-02 15:52:06.406 Loaded YSF2DMR
I: 2020-08-02 15:52:06.406 Loaded YSF2NXDN
I: 2020-08-02 15:52:06.406 Loaded YSF2P25
M: 2020-08-02 15:52:06.413 Automatic (re-)connection to FCS00499
M: 2020-08-02 15:52:06.413 Starting YSFGateway-20190131
M: 2020-08-02 15:52:06.459 Linked to FCS004-99
M: 2020-08-02 17:27:28.615 Opening YSF network connection
I: 2020-08-02 17:27:28.615 Opening UDP port on 4200
M: 2020-08-02 17:27:28.615 Opening YSF network connection
I: 2020-08-02 17:27:28.615 Opening UDP port on 42000
M: 2020-08-02 17:27:28.615 Resolving FCS00x addresses
M: 2020-08-02 17:27:28.955 Opening FCS network connection
I: 2020-08-02 17:27:28.955 Opening UDP port on 42001
I: 2020-08-02 17:27:28.955 The ID of this repeater is 55717
I: 2020-08-02 17:27:28.955 Loaded 230 FCS room descriptions
E: 2020-08-02 17:27:28.976 Cannot find address for host fusion2.m1axm.co.uk
I: 2020-08-02 17:27:28.978 Loaded 860 YSF reflectors
I: 2020-08-02 17:27:28.978 Loaded YSF parrot
I: 2020-08-02 17:27:28.978 Loaded YSF2DMR
I: 2020-08-02 17:27:28.978 Loaded YSF2NXDN
I: 2020-08-02 17:27:28.978 Loaded YSF2P25
M: 2020-08-02 17:27:28.985 Automatic (re-)connection to FCS00499
M: 2020-08-02 17:27:28.985 Starting YSFGateway-20190131
M: 2020-08-02 17:27:29.031 Linked to FCS004-99
M: 2020-08-02 18:26:41.721 Opening YSF network connection
I: 2020-08-02 18:26:41.721 Opening UDP port on 4200
M: 2020-08-02 18:26:41.721 Opening YSF network connection
I: 2020-08-02 18:26:41.721 Opening UDP port on 42000
M: 2020-08-02 18:26:41.721 Resolving FCS00x addresses
M: 2020-08-02 18:26:42.065 Opening FCS network connection
I: 2020-08-02 18:26:42.065 Opening UDP port on 42001
I: 2020-08-02 18:26:42.065 The ID of this repeater is 55717
I: 2020-08-02 18:26:42.065 Loaded 230 FCS room descriptions
E: 2020-08-02 18:26:42.085 Cannot find address for host fusion2.m1axm.co.uk
I: 2020-08-02 18:26:42.087 Loaded 860 YSF reflectors
I: 2020-08-02 18:26:42.087 Loaded YSF parrot
I: 2020-08-02 18:26:42.087 Loaded YSF2DMR
I: 2020-08-02 18:26:42.087 Loaded YSF2NXDN
I: 2020-08-02 18:26:42.087 Loaded YSF2P25
M: 2020-08-02 18:26:42.094 Automatic (re-)connection to FCS00499
M: 2020-08-02 18:26:42.094 Starting YSFGateway-20190131
M: 2020-08-02 18:26:42.145 Linked to FCS004-99
M: 2020-08-02 18:28:35.147 Opening YSF network connection
I: 2020-08-02 18:28:35.148 Opening UDP port on 4200
M: 2020-08-02 18:28:35.148 Opening YSF network connection
I: 2020-08-02 18:28:35.148 Opening UDP port on 42000
M: 2020-08-02 18:28:35.148 Resolving FCS00x addresses
M: 2020-08-02 18:28:35.262 Opening FCS network connection
I: 2020-08-02 18:28:35.262 Opening UDP port on 42001
I: 2020-08-02 18:28:35.262 The ID of this repeater is 55717
I: 2020-08-02 18:28:35.262 Loaded 230 FCS room descriptions
E: 2020-08-02 18:28:35.281 Cannot find address for host fusion2.m1axm.co.uk
I: 2020-08-02 18:28:35.283 Loaded 860 YSF reflectors
I: 2020-08-02 18:28:35.283 Loaded YSF parrot
I: 2020-08-02 18:28:35.283 Loaded YSF2DMR
I: 2020-08-02 18:28:35.283 Loaded YSF2NXDN
I: 2020-08-02 18:28:35.283 Loaded YSF2P25
M: 2020-08-02 18:28:35.291 Automatic (re-)connection to FCS00499
M: 2020-08-02 18:28:35.291 Starting YSFGateway-20190131
M: 2020-08-02 18:28:35.338 Linked to FCS004-99
M: 2020-08-02 18:48:34.844 Opening YSF network connection
I: 2020-08-02 18:48:34.844 Opening UDP port on 4200
M: 2020-08-02 18:48:34.844 Opening YSF network connection
I: 2020-08-02 18:48:34.844 Opening UDP port on 42000
M: 2020-08-02 18:48:34.844 Resolving FCS00x addresses
M: 2020-08-02 18:48:35.191 Opening FCS network connection
I: 2020-08-02 18:48:35.191 Opening UDP port on 42001
I: 2020-08-02 18:48:35.191 The ID of this repeater is 55717
I: 2020-08-02 18:48:35.191 Loaded 230 FCS room descriptions
E: 2020-08-02 18:48:35.213 Cannot find address for host fusion2.m1axm.co.uk
I: 2020-08-02 18:48:35.215 Loaded 860 YSF reflectors
I: 2020-08-02 18:48:35.215 Loaded YSF parrot
I: 2020-08-02 18:48:35.215 Loaded YSF2DMR
I: 2020-08-02 18:48:35.215 Loaded YSF2NXDN
I: 2020-08-02 18:48:35.216 Loaded YSF2P25
M: 2020-08-02 18:48:35.231 Automatic (re-)connection to FCS00499
M: 2020-08-02 18:48:35.231 Starting YSFGateway-20190131
M: 2020-08-02 18:48:35.278 Linked to FCS004-99
E: 2020-08-02 19:48:36.982 Cannot find address for host fusion2.m1axm.co.uk
I: 2020-08-02 19:48:36.986 Loaded 860 YSF reflectors
I: 2020-08-02 19:48:36.986 Loaded YSF parrot
I: 2020-08-02 19:48:36.986 Loaded YSF2DMR
I: 2020-08-02 19:48:36.986 Loaded YSF2NXDN
I: 2020-08-02 19:48:36.986 Loaded YSF2P25
E: 2020-08-02 20:48:38.554 Cannot find address for host fusion2.m1axm.co.uk
I: 2020-08-02 20:48:38.555 Loaded 860 YSF reflectors
I: 2020-08-02 20:48:38.555 Loaded YSF parrot
I: 2020-08-02 20:48:38.555 Loaded YSF2DMR
I: 2020-08-02 20:48:38.555 Loaded YSF2NXDN
I: 2020-08-02 20:48:38.555 Loaded YSF2P25
M: 2020-08-02 20:53:18.545 Opening YSF network connection
I: 2020-08-02 20:53:18.548 Opening UDP port on 4200
M: 2020-08-02 20:53:18.549 Opening YSF network connection
I: 2020-08-02 20:53:18.549 Opening UDP port on 42000
M: 2020-08-02 20:53:18.549 Resolving FCS00x addresses
M: 2020-08-02 20:53:18.669 Opening FCS network connection
I: 2020-08-02 20:53:18.669 Opening UDP port on 42001
I: 2020-08-02 20:53:18.669 The ID of this repeater is 55717
I: 2020-08-02 20:53:18.678 Loaded 230 FCS room descriptions
E: 2020-08-02 20:53:18.743 Cannot find address for host fusion2.m1axm.co.uk
I: 2020-08-02 20:53:18.745 Loaded 860 YSF reflectors
I: 2020-08-02 20:53:18.745 Loaded YSF parrot
I: 2020-08-02 20:53:18.745 Loaded YSF2DMR
I: 2020-08-02 20:53:18.745 Loaded YSF2NXDN
I: 2020-08-02 20:53:18.746 Loaded YSF2P25
M: 2020-08-02 20:53:18.755 Automatic (re-)connection to FCS00499
M: 2020-08-02 20:53:18.755 Starting YSFGateway-20190131
M: 2020-08-02 20:53:18.806 Linked to FCS004-99
E: 2020-08-02 21:53:20.939 Cannot find address for host fusion2.m1axm.co.uk
I: 2020-08-02 21:53:20.943 Loaded 860 YSF reflectors
I: 2020-08-02 21:53:20.943 Loaded YSF parrot
I: 2020-08-02 21:53:20.943 Loaded YSF2DMR
I: 2020-08-02 21:53:20.943 Loaded YSF2NXDN
I: 2020-08-02 21:53:20.943 Loaded YSF2P25
E: 2020-08-02 22:53:23.181 Cannot find address for host fusion2.m1axm.co.uk
I: 2020-08-02 22:53:23.184 Loaded 860 YSF reflectors
I: 2020-08-02 22:53:23.184 Loaded YSF parrot
I: 2020-08-02 22:53:23.184 Loaded YSF2DMR
I: 2020-08-02 22:53:23.184 Loaded YSF2NXDN
I: 2020-08-02 22:53:23.184 Loaded YSF2P25
E: 2020-08-02 23:53:25.262 Cannot find address for host fusion2.m1axm.co.uk
I: 2020-08-02 23:53:25.266 Loaded 860 YSF reflectors
I: 2020-08-02 23:53:25.266 Loaded YSF parrot
I: 2020-08-02 23:53:25.266 Loaded YSF2DMR
I: 2020-08-02 23:53:25.266 Loaded YSF2NXDN
I: 2020-08-02 23:53:25.266 Loaded YSF2P25
