M: 2020-07-18 08:16:42.628 Opening YSF network connection
I: 2020-07-18 08:16:42.629 Opening UDP port on 4200
M: 2020-07-18 08:16:42.629 Opening YSF network connection
I: 2020-07-18 08:16:42.629 Opening UDP port on 42000
M: 2020-07-18 08:16:42.629 Resolving FCS00x addresses
M: 2020-07-18 08:16:42.742 Opening FCS network connection
I: 2020-07-18 08:16:42.742 Opening UDP port on 42001
I: 2020-07-18 08:16:42.742 The ID of this repeater is 55717
I: 2020-07-18 08:16:42.744 Loaded 230 FCS room descriptions
E: 2020-07-18 08:16:42.805 Cannot find address for host fusion2.m1axm.co.uk
I: 2020-07-18 08:16:42.808 Loaded 860 YSF reflectors
I: 2020-07-18 08:16:42.808 Loaded YSF parrot
I: 2020-07-18 08:16:42.808 Loaded YSF2DMR
I: 2020-07-18 08:16:42.808 Loaded YSF2NXDN
I: 2020-07-18 08:16:42.808 Loaded YSF2P25
M: 2020-07-18 08:16:42.827 Automatic (re-)connection to 32027 - "ES ADER         "
M: 2020-07-18 08:16:42.827 Starting YSFGateway-20190131
M: 2020-07-18 08:16:42.871 Linked to ES ADER         
M: 2020-07-18 16:44:45.821 Opening YSF network connection
I: 2020-07-18 16:44:45.825 Opening UDP port on 4200
M: 2020-07-18 16:44:45.825 Opening YSF network connection
I: 2020-07-18 16:44:45.825 Opening UDP port on 42000
M: 2020-07-18 16:44:45.825 Resolving FCS00x addresses
M: 2020-07-18 16:44:46.222 Opening FCS network connection
I: 2020-07-18 16:44:46.222 Opening UDP port on 42001
I: 2020-07-18 16:44:46.222 The ID of this repeater is 55717
I: 2020-07-18 16:44:46.225 Loaded 230 FCS room descriptions
E: 2020-07-18 16:44:46.310 Cannot find address for host fusion2.m1axm.co.uk
I: 2020-07-18 16:44:46.313 Loaded 860 YSF reflectors
I: 2020-07-18 16:44:46.313 Loaded YSF parrot
I: 2020-07-18 16:44:46.313 Loaded YSF2DMR
I: 2020-07-18 16:44:46.313 Loaded YSF2NXDN
I: 2020-07-18 16:44:46.313 Loaded YSF2P25
M: 2020-07-18 16:44:46.322 Automatic (re-)connection to 32027 - "ES ADER         "
M: 2020-07-18 16:44:46.323 Starting YSFGateway-20190131
M: 2020-07-18 16:44:46.369 Linked to ES ADER         
M: 2020-07-18 16:52:39.194 Opening YSF network connection
I: 2020-07-18 16:52:39.206 Opening UDP port on 4200
M: 2020-07-18 16:52:39.206 Opening YSF network connection
I: 2020-07-18 16:52:39.206 Opening UDP port on 42000
M: 2020-07-18 16:52:39.206 Resolving FCS00x addresses
M: 2020-07-18 16:52:39.216 Opening FCS network connection
I: 2020-07-18 16:52:39.216 Opening UDP port on 42001
I: 2020-07-18 16:52:39.216 The ID of this repeater is 55717
I: 2020-07-18 16:52:39.237 Loaded 230 FCS room descriptions
E: 2020-07-18 16:52:39.302 Cannot find address for host fusion2.m1axm.co.uk
I: 2020-07-18 16:52:39.315 Loaded 860 YSF reflectors
I: 2020-07-18 16:52:39.315 Loaded YSF parrot
I: 2020-07-18 16:52:39.315 Loaded YSF2DMR
I: 2020-07-18 16:52:39.315 Loaded YSF2NXDN
I: 2020-07-18 16:52:39.315 Loaded YSF2P25
M: 2020-07-18 16:52:39.322 Automatic (re-)connection to 32027 - "ES ADER         "
M: 2020-07-18 16:52:39.322 Starting YSFGateway-20190131
M: 2020-07-18 16:52:39.363 Linked to ES ADER         
