M: 2020-07-21 14:28:44.585 Opening YSF network connection
I: 2020-07-21 14:28:44.586 Opening UDP port on 4200
M: 2020-07-21 14:28:44.586 Opening YSF network connection
I: 2020-07-21 14:28:44.586 Opening UDP port on 42000
M: 2020-07-21 14:28:44.586 Resolving FCS00x addresses
M: 2020-07-21 14:28:44.954 Opening FCS network connection
I: 2020-07-21 14:28:44.954 Opening UDP port on 42001
I: 2020-07-21 14:28:44.954 The ID of this repeater is 55717
I: 2020-07-21 14:28:44.957 Loaded 230 FCS room descriptions
E: 2020-07-21 14:28:45.034 Cannot find address for host fusion2.m1axm.co.uk
I: 2020-07-21 14:28:45.036 Loaded 860 YSF reflectors
I: 2020-07-21 14:28:45.036 Loaded YSF parrot
I: 2020-07-21 14:28:45.036 Loaded YSF2DMR
I: 2020-07-21 14:28:45.036 Loaded YSF2NXDN
I: 2020-07-21 14:28:45.036 Loaded YSF2P25
M: 2020-07-21 14:28:45.044 Automatic (re-)connection to 32027 - "ES ADER         "
M: 2020-07-21 14:28:45.044 Starting YSFGateway-20190131
M: 2020-07-21 14:28:45.090 Linked to ES ADER         
M: 2020-07-21 15:24:38.359 Opening YSF network connection
I: 2020-07-21 15:24:38.371 Opening UDP port on 4200
M: 2020-07-21 15:24:38.371 Opening YSF network connection
I: 2020-07-21 15:24:38.371 Opening UDP port on 42000
M: 2020-07-21 15:24:38.371 Resolving FCS00x addresses
M: 2020-07-21 15:24:38.721 Opening FCS network connection
I: 2020-07-21 15:24:38.721 Opening UDP port on 42001
I: 2020-07-21 15:24:38.721 The ID of this repeater is 55717
I: 2020-07-21 15:24:38.725 Loaded 230 FCS room descriptions
E: 2020-07-21 15:24:38.803 Cannot find address for host fusion2.m1axm.co.uk
I: 2020-07-21 15:24:38.805 Loaded 860 YSF reflectors
I: 2020-07-21 15:24:38.805 Loaded YSF parrot
I: 2020-07-21 15:24:38.805 Loaded YSF2DMR
I: 2020-07-21 15:24:38.805 Loaded YSF2NXDN
I: 2020-07-21 15:24:38.805 Loaded YSF2P25
M: 2020-07-21 15:24:38.812 Automatic (re-)connection to 32027 - "ES ADER         "
M: 2020-07-21 15:24:38.813 Starting YSFGateway-20190131
M: 2020-07-21 15:24:38.854 Linked to ES ADER         
