E: 2020-08-01 00:30:17.300 Cannot find address for host fusion2.m1axm.co.uk
I: 2020-08-01 00:30:17.305 Loaded 860 YSF reflectors
I: 2020-08-01 00:30:17.305 Loaded YSF parrot
I: 2020-08-01 00:30:17.305 Loaded YSF2DMR
I: 2020-08-01 00:30:17.305 Loaded YSF2NXDN
I: 2020-08-01 00:30:17.305 Loaded YSF2P25
M: 2020-08-01 06:57:40.308 Opening YSF network connection
I: 2020-08-01 06:57:40.317 Opening UDP port on 4200
M: 2020-08-01 06:57:40.317 Opening YSF network connection
I: 2020-08-01 06:57:40.317 Opening UDP port on 42000
M: 2020-08-01 06:57:40.317 Resolving FCS00x addresses
M: 2020-08-01 06:57:40.715 Opening FCS network connection
I: 2020-08-01 06:57:40.715 Opening UDP port on 42001
I: 2020-08-01 06:57:40.715 The ID of this repeater is 55717
I: 2020-08-01 06:57:40.724 Loaded 230 FCS room descriptions
E: 2020-08-01 06:57:40.791 Cannot find address for host fusion2.m1axm.co.uk
I: 2020-08-01 06:57:40.795 Loaded 860 YSF reflectors
I: 2020-08-01 06:57:40.796 Loaded YSF parrot
I: 2020-08-01 06:57:40.796 Loaded YSF2DMR
I: 2020-08-01 06:57:40.796 Loaded YSF2NXDN
I: 2020-08-01 06:57:40.796 Loaded YSF2P25
M: 2020-08-01 06:57:40.810 Automatic (re-)connection to FCS00499
M: 2020-08-01 06:57:40.810 Starting YSFGateway-20190131
M: 2020-08-01 06:57:40.874 Linked to FCS004-99
E: 2020-08-01 07:57:42.983 Cannot find address for host fusion2.m1axm.co.uk
I: 2020-08-01 07:57:42.987 Loaded 860 YSF reflectors
I: 2020-08-01 07:57:42.987 Loaded YSF parrot
I: 2020-08-01 07:57:42.987 Loaded YSF2DMR
I: 2020-08-01 07:57:42.988 Loaded YSF2NXDN
I: 2020-08-01 07:57:42.988 Loaded YSF2P25
E: 2020-08-01 08:57:45.177 Cannot find address for host fusion2.m1axm.co.uk
I: 2020-08-01 08:57:45.180 Loaded 860 YSF reflectors
I: 2020-08-01 08:57:45.180 Loaded YSF parrot
I: 2020-08-01 08:57:45.180 Loaded YSF2DMR
I: 2020-08-01 08:57:45.180 Loaded YSF2NXDN
I: 2020-08-01 08:57:45.180 Loaded YSF2P25
E: 2020-08-01 09:57:47.275 Cannot find address for host fusion2.m1axm.co.uk
I: 2020-08-01 09:57:47.278 Loaded 860 YSF reflectors
I: 2020-08-01 09:57:47.278 Loaded YSF parrot
I: 2020-08-01 09:57:47.278 Loaded YSF2DMR
I: 2020-08-01 09:57:47.278 Loaded YSF2NXDN
I: 2020-08-01 09:57:47.278 Loaded YSF2P25
E: 2020-08-01 10:57:49.392 Cannot find address for host fusion2.m1axm.co.uk
I: 2020-08-01 10:57:49.396 Loaded 860 YSF reflectors
I: 2020-08-01 10:57:49.396 Loaded YSF parrot
I: 2020-08-01 10:57:49.396 Loaded YSF2DMR
I: 2020-08-01 10:57:49.396 Loaded YSF2NXDN
I: 2020-08-01 10:57:49.396 Loaded YSF2P25
E: 2020-08-01 11:57:50.885 Cannot find address for host fusion2.m1axm.co.uk
I: 2020-08-01 11:57:50.887 Loaded 860 YSF reflectors
I: 2020-08-01 11:57:50.887 Loaded YSF parrot
I: 2020-08-01 11:57:50.887 Loaded YSF2DMR
I: 2020-08-01 11:57:50.887 Loaded YSF2NXDN
I: 2020-08-01 11:57:50.887 Loaded YSF2P25
E: 2020-08-01 12:57:52.758 Cannot find address for host fusion2.m1axm.co.uk
I: 2020-08-01 12:57:52.763 Loaded 860 YSF reflectors
I: 2020-08-01 12:57:52.763 Loaded YSF parrot
I: 2020-08-01 12:57:52.763 Loaded YSF2DMR
I: 2020-08-01 12:57:52.763 Loaded YSF2NXDN
I: 2020-08-01 12:57:52.763 Loaded YSF2P25
E: 2020-08-01 13:57:54.850 Cannot find address for host fusion2.m1axm.co.uk
I: 2020-08-01 13:57:54.854 Loaded 860 YSF reflectors
I: 2020-08-01 13:57:54.854 Loaded YSF parrot
I: 2020-08-01 13:57:54.854 Loaded YSF2DMR
I: 2020-08-01 13:57:54.854 Loaded YSF2NXDN
I: 2020-08-01 13:57:54.854 Loaded YSF2P25
E: 2020-08-01 14:57:56.989 Cannot find address for host fusion2.m1axm.co.uk
I: 2020-08-01 14:57:56.992 Loaded 860 YSF reflectors
I: 2020-08-01 14:57:56.992 Loaded YSF parrot
I: 2020-08-01 14:57:56.992 Loaded YSF2DMR
I: 2020-08-01 14:57:56.993 Loaded YSF2NXDN
I: 2020-08-01 14:57:56.993 Loaded YSF2P25
E: 2020-08-01 15:57:59.024 Cannot find address for host fusion2.m1axm.co.uk
I: 2020-08-01 15:57:59.028 Loaded 860 YSF reflectors
I: 2020-08-01 15:57:59.028 Loaded YSF parrot
I: 2020-08-01 15:57:59.028 Loaded YSF2DMR
I: 2020-08-01 15:57:59.028 Loaded YSF2NXDN
I: 2020-08-01 15:57:59.028 Loaded YSF2P25
M: 2020-08-01 17:09:01.787 Opening YSF network connection
I: 2020-08-01 17:09:01.790 Opening UDP port on 4200
M: 2020-08-01 17:09:01.790 Opening YSF network connection
I: 2020-08-01 17:09:01.790 Opening UDP port on 42000
M: 2020-08-01 17:09:01.790 Resolving FCS00x addresses
M: 2020-08-01 17:09:02.130 Opening FCS network connection
I: 2020-08-01 17:09:02.130 Opening UDP port on 42001
I: 2020-08-01 17:09:02.130 The ID of this repeater is 55717
I: 2020-08-01 17:09:02.133 Loaded 230 FCS room descriptions
E: 2020-08-01 17:09:02.169 Cannot find address for host fusion2.m1axm.co.uk
I: 2020-08-01 17:09:02.172 Loaded 860 YSF reflectors
I: 2020-08-01 17:09:02.172 Loaded YSF parrot
I: 2020-08-01 17:09:02.172 Loaded YSF2DMR
I: 2020-08-01 17:09:02.172 Loaded YSF2NXDN
I: 2020-08-01 17:09:02.172 Loaded YSF2P25
M: 2020-08-01 17:09:02.179 Automatic (re-)connection to FCS00499
M: 2020-08-01 17:09:02.179 Starting YSFGateway-20190131
M: 2020-08-01 17:09:02.225 Linked to FCS004-99
E: 2020-08-01 18:09:04.331 Cannot find address for host fusion2.m1axm.co.uk
I: 2020-08-01 18:09:04.335 Loaded 860 YSF reflectors
I: 2020-08-01 18:09:04.335 Loaded YSF parrot
I: 2020-08-01 18:09:04.335 Loaded YSF2DMR
I: 2020-08-01 18:09:04.335 Loaded YSF2NXDN
I: 2020-08-01 18:09:04.335 Loaded YSF2P25
E: 2020-08-01 19:09:06.415 Cannot find address for host fusion2.m1axm.co.uk
I: 2020-08-01 19:09:06.418 Loaded 860 YSF reflectors
I: 2020-08-01 19:09:06.420 Loaded YSF parrot
I: 2020-08-01 19:09:06.420 Loaded YSF2DMR
I: 2020-08-01 19:09:06.420 Loaded YSF2NXDN
I: 2020-08-01 19:09:06.420 Loaded YSF2P25
E: 2020-08-01 20:09:08.533 Cannot find address for host fusion2.m1axm.co.uk
I: 2020-08-01 20:09:08.535 Loaded 860 YSF reflectors
I: 2020-08-01 20:09:08.535 Loaded YSF parrot
I: 2020-08-01 20:09:08.535 Loaded YSF2DMR
I: 2020-08-01 20:09:08.535 Loaded YSF2NXDN
I: 2020-08-01 20:09:08.535 Loaded YSF2P25
E: 2020-08-01 21:09:10.575 Cannot find address for host fusion2.m1axm.co.uk
I: 2020-08-01 21:09:10.577 Loaded 860 YSF reflectors
I: 2020-08-01 21:09:10.577 Loaded YSF parrot
I: 2020-08-01 21:09:10.577 Loaded YSF2DMR
I: 2020-08-01 21:09:10.577 Loaded YSF2NXDN
I: 2020-08-01 21:09:10.577 Loaded YSF2P25
