M: 2020-07-14 19:29:21.776 Opening YSF network connection
I: 2020-07-14 19:29:21.776 Opening UDP port on 4200
M: 2020-07-14 19:29:21.776 Opening YSF network connection
I: 2020-07-14 19:29:21.776 Opening UDP port on 42000
M: 2020-07-14 19:29:21.776 Resolving FCS00x addresses
M: 2020-07-14 19:29:22.135 Opening FCS network connection
I: 2020-07-14 19:29:22.169 Opening UDP port on 42001
I: 2020-07-14 19:29:22.169 The ID of this repeater is 07088
I: 2020-07-14 19:29:22.174 Loaded 230 FCS room descriptions
E: 2020-07-14 19:29:22.260 Cannot find address for host fusion2.m1axm.co.uk
I: 2020-07-14 19:29:22.298 Loaded 860 YSF reflectors
I: 2020-07-14 19:29:22.298 Loaded YSF parrot
I: 2020-07-14 19:29:22.299 Loaded YSF2DMR
I: 2020-07-14 19:29:22.299 Loaded YSF2NXDN
I: 2020-07-14 19:29:22.299 Loaded YSF2P25
M: 2020-07-14 19:29:22.306 Automatic (re-)connection to 32027 - "ES ADER         "
M: 2020-07-14 19:29:22.306 Starting YSFGateway-20190131
M: 2020-07-14 19:29:22.348 Linked to ES ADER         
M: 2020-07-14 21:01:31.677 Opening YSF network connection
I: 2020-07-14 21:01:31.680 Opening UDP port on 4200
M: 2020-07-14 21:01:31.680 Opening YSF network connection
I: 2020-07-14 21:01:31.680 Opening UDP port on 42000
M: 2020-07-14 21:01:31.680 Resolving FCS00x addresses
M: 2020-07-14 21:01:32.027 Opening FCS network connection
I: 2020-07-14 21:01:32.027 Opening UDP port on 42001
I: 2020-07-14 21:01:32.028 The ID of this repeater is 07088
I: 2020-07-14 21:01:32.029 Loaded 230 FCS room descriptions
E: 2020-07-14 21:01:32.069 Cannot find address for host fusion2.m1axm.co.uk
I: 2020-07-14 21:01:32.072 Loaded 860 YSF reflectors
I: 2020-07-14 21:01:32.072 Loaded YSF parrot
I: 2020-07-14 21:01:32.072 Loaded YSF2DMR
I: 2020-07-14 21:01:32.072 Loaded YSF2NXDN
I: 2020-07-14 21:01:32.072 Loaded YSF2P25
M: 2020-07-14 21:01:32.080 Automatic (re-)connection to 32027 - "ES ADER         "
M: 2020-07-14 21:01:32.081 Starting YSFGateway-20190131
M: 2020-07-14 21:01:32.122 Linked to ES ADER         
