M: 2020-07-30 15:03:25.868 Opening YSF network connection
I: 2020-07-30 15:03:25.868 Opening UDP port on 4200
M: 2020-07-30 15:03:25.868 Opening YSF network connection
I: 2020-07-30 15:03:25.868 Opening UDP port on 42000
M: 2020-07-30 15:03:25.868 Resolving FCS00x addresses
M: 2020-07-30 15:03:26.310 Opening FCS network connection
I: 2020-07-30 15:03:26.310 Opening UDP port on 42001
I: 2020-07-30 15:03:26.310 The ID of this repeater is 55717
I: 2020-07-30 15:03:26.324 Loaded 230 FCS room descriptions
E: 2020-07-30 15:03:26.415 Cannot find address for host fusion2.m1axm.co.uk
I: 2020-07-30 15:03:26.417 Loaded 860 YSF reflectors
I: 2020-07-30 15:03:26.439 Loaded YSF parrot
I: 2020-07-30 15:03:26.439 Loaded YSF2DMR
I: 2020-07-30 15:03:26.439 Loaded YSF2NXDN
I: 2020-07-30 15:03:26.439 Loaded YSF2P25
M: 2020-07-30 15:03:26.451 Automatic (re-)connection to FCS00499
M: 2020-07-30 15:03:26.451 Starting YSFGateway-20190131
M: 2020-07-30 15:03:26.500 Linked to FCS004-99
E: 2020-07-30 16:03:28.623 Cannot find address for host fusion2.m1axm.co.uk
I: 2020-07-30 16:03:28.627 Loaded 860 YSF reflectors
I: 2020-07-30 16:03:28.627 Loaded YSF parrot
I: 2020-07-30 16:03:28.627 Loaded YSF2DMR
I: 2020-07-30 16:03:28.627 Loaded YSF2NXDN
I: 2020-07-30 16:03:28.627 Loaded YSF2P25
E: 2020-07-30 17:03:30.720 Cannot find address for host fusion2.m1axm.co.uk
I: 2020-07-30 17:03:30.723 Loaded 860 YSF reflectors
I: 2020-07-30 17:03:30.723 Loaded YSF parrot
I: 2020-07-30 17:03:30.723 Loaded YSF2DMR
I: 2020-07-30 17:03:30.723 Loaded YSF2NXDN
I: 2020-07-30 17:03:30.723 Loaded YSF2P25
E: 2020-07-30 18:03:32.879 Cannot find address for host fusion2.m1axm.co.uk
I: 2020-07-30 18:03:32.882 Loaded 860 YSF reflectors
I: 2020-07-30 18:03:32.882 Loaded YSF parrot
I: 2020-07-30 18:03:32.882 Loaded YSF2DMR
I: 2020-07-30 18:03:32.882 Loaded YSF2NXDN
I: 2020-07-30 18:03:32.882 Loaded YSF2P25
E: 2020-07-30 19:03:34.877 Cannot find address for host fusion2.m1axm.co.uk
I: 2020-07-30 19:03:34.880 Loaded 860 YSF reflectors
I: 2020-07-30 19:03:34.880 Loaded YSF parrot
I: 2020-07-30 19:03:34.880 Loaded YSF2DMR
I: 2020-07-30 19:03:34.880 Loaded YSF2NXDN
I: 2020-07-30 19:03:34.880 Loaded YSF2P25
E: 2020-07-30 20:03:37.007 Cannot find address for host fusion2.m1axm.co.uk
I: 2020-07-30 20:03:37.011 Loaded 860 YSF reflectors
I: 2020-07-30 20:03:37.011 Loaded YSF parrot
I: 2020-07-30 20:03:37.011 Loaded YSF2DMR
I: 2020-07-30 20:03:37.011 Loaded YSF2NXDN
I: 2020-07-30 20:03:37.011 Loaded YSF2P25
E: 2020-07-30 21:03:39.191 Cannot find address for host fusion2.m1axm.co.uk
I: 2020-07-30 21:03:39.195 Loaded 860 YSF reflectors
I: 2020-07-30 21:03:39.195 Loaded YSF parrot
I: 2020-07-30 21:03:39.195 Loaded YSF2DMR
I: 2020-07-30 21:03:39.195 Loaded YSF2NXDN
I: 2020-07-30 21:03:39.195 Loaded YSF2P25
E: 2020-07-30 22:03:41.287 Cannot find address for host fusion2.m1axm.co.uk
I: 2020-07-30 22:03:41.290 Loaded 860 YSF reflectors
I: 2020-07-30 22:03:41.290 Loaded YSF parrot
I: 2020-07-30 22:03:41.290 Loaded YSF2DMR
I: 2020-07-30 22:03:41.290 Loaded YSF2NXDN
I: 2020-07-30 22:03:41.290 Loaded YSF2P25
E: 2020-07-30 23:03:43.358 Cannot find address for host fusion2.m1axm.co.uk
I: 2020-07-30 23:03:43.362 Loaded 860 YSF reflectors
I: 2020-07-30 23:03:43.362 Loaded YSF parrot
I: 2020-07-30 23:03:43.362 Loaded YSF2DMR
I: 2020-07-30 23:03:43.362 Loaded YSF2NXDN
I: 2020-07-30 23:03:43.362 Loaded YSF2P25
